This is pdfTeX, Version 3.141592653-2.6-1.40.29 (MiKTeX 26.2) (preloaded format=pdflatex 2026.4.28)  9 JUN 2026 14:11
entering extended mode
 restricted \write18 enabled.
 file:line:error style messages enabled.
 %&-line parsing enabled.
**c:/Users/lemch/Documents/RapportWavePfe/main.tex
(c:/Users/lemch/Documents/RapportWavePfe/main.tex
LaTeX2e <2025-11-01>
L3 programming layer <2026-03-20>
(C:\Users\lemch\AppData\Local\Programs\MiKTeX\tex/latex/base\report.cls
Document Class: report 2025/01/22 v1.4n Standard LaTeX document class
(C:\Users\lemch\AppData\Local\Programs\MiKTeX\tex/latex/base\size12.clo
File: size12.clo 2025/01/22 v1.4n Standard LaTeX file (size option)
)
\c@part=\count275
\c@chapter=\count276
\c@section=\count277
\c@subsection=\count278
\c@subsubsection=\count279
\c@paragraph=\count280
\c@subparagraph=\count281
\c@figure=\count282
\c@table=\count283
\abovecaptionskip=\skip49
\belowcaptionskip=\skip50
\bibindent=\dimen150
) (C:\Users\lemch\AppData\Local\Programs\MiKTeX\tex/latex/base\inputenc.sty
Package: inputenc 2024/02/08 v1.3d Input encoding file
\inpenc@prehook=\toks17
\inpenc@posthook=\toks18
) (C:\Users\lemch\AppData\Local\Programs\MiKTeX\tex/latex/base\fontenc.sty
Package: fontenc 2025/07/18 v2.1d Standard LaTeX package
) (C:\Users\lemch\AppData\Local\Programs\MiKTeX\tex/generic/babel\babel.sty
Package: babel 2026/03/24 v26.5 The multilingual framework for LuaLaTeX, pdfLaTeX and XeLaTeX
\babel@savecnt=\count284
LaTeX Encoding Info:    Redeclaring text command \ij (encoding OT1) on input line 2078.
LaTeX Encoding Info:    Redeclaring text command \IJ (encoding OT1) on input line 2080.
LaTeX Encoding Info:    Redeclaring text command \ij (encoding T1) on input line 2082.
LaTeX Encoding Info:    Redeclaring text command \IJ (encoding T1) on input line 2083.
LaTeX Encoding Info:    Ignoring declaration for text command \ij (encoding ?) on input line 2084.
LaTeX Encoding Info:    Ignoring declaration for text command \IJ (encoding ?) on input line 2086.
LaTeX Encoding Info:    Ignoring declaration for text command \SS (encoding ?) on input line 2111.
\U@D=\dimen151
\l@unhyphenated=\language79
 (C:\Users\lemch\AppData\Local\Programs\MiKTeX\tex/generic/babel\txtbabel.def)
\bbl@readstream=\read2
\bbl@dirlevel=\count285
Package babel Info: Configuration files are deprecated, as
(babel)             they can break document portability.
(babel)             Reported on input line 4206.

*************************************
* Local config file bblopts.cfg used
*
(C:\Users\lemch\AppData\Local\Programs\MiKTeX\tex/latex/arabi\bblopts.cfg
File: bblopts.cfg 2005/09/08 v0.1 add Arabic and Farsi to "declared" options of babel
) (C:\Users\lemch\AppData\Local\Programs\MiKTeX\tex/generic/babel/locale/fr\babel-french.tex)
Package babel Info: Importing data for french
(babel)             from babel-fr.ini. Reported on input line 4330.
 (C:\Users\lemch\AppData\Local\Programs\MiKTeX\tex/generic/babel/locale/fr\babel-french.tex)) (C:\Users\lemch\AppData\Local\Programs\MiKTeX\tex/latex/psnfss\charter.sty
Package: charter 2020/03/25 PSNFSS-v9.3 (P.Dyballa) 
) (C:\Users\lemch\AppData\Local\Programs\MiKTeX\tex/latex/geometry\geometry.sty
Package: geometry 2026/03/07 v6.0 Page Geometry
 (C:\Users\lemch\AppData\Local\Programs\MiKTeX\tex/latex/graphics\keyval.sty
Package: keyval 2022/05/29 v1.15 key=value parser (DPC)
\KV@toks@=\toks19
) (C:\Users\lemch\AppData\Local\Programs\MiKTeX\tex/generic/iftex\ifvtex.sty
Package: ifvtex 2019/10/25 v1.7 ifvtex legacy package. Use iftex instead.
 (C:\Users\lemch\AppData\Local\Programs\MiKTeX\tex/generic/iftex\iftex.sty
Package: iftex 2024/12/12 v1.0g TeX engine tests
))
\Gm@cnth=\count286
\Gm@cntv=\count287
\c@Gm@tempcnt=\count288
\Gm@bindingoffset=\dimen152
\Gm@wd@mp=\dimen153
\Gm@odd@mp=\dimen154
\Gm@even@mp=\dimen155
\Gm@layoutwidth=\dimen156
\Gm@layoutheight=\dimen157
\Gm@layouthoffset=\dimen158
\Gm@layoutvoffset=\dimen159
\Gm@dimlist=\toks20
 (C:\Users\lemch\AppData\Local\Programs\MiKTeX\tex/latex/geometry\geometry.cfg)) (C:\Users\lemch\AppData\Local\Programs\MiKTeX\tex/latex/setspace\setspace.sty
Package: setspace 2022/12/04 v6.7b set line spacing
) (C:\Users\lemch\AppData\Local\Programs\MiKTeX\tex/latex/xcolor\xcolor.sty
Package: xcolor 2024/09/29 v3.02 LaTeX color extensions (UK)
 (C:\Users\lemch\AppData\Local\Programs\MiKTeX\tex/latex/graphics-cfg\color.cfg
File: color.cfg 2016/01/02 v1.6 sample color configuration
)
Package xcolor Info: Driver file: pdftex.def on input line 274.
 (C:\Users\lemch\AppData\Local\Programs\MiKTeX\tex/latex/graphics-def\pdftex.def
File: pdftex.def 2025/09/29 v1.2d Graphics/color driver for pdftex
) (C:\Users\lemch\AppData\Local\Programs\MiKTeX\tex/latex/graphics\mathcolor.ltx)
Package xcolor Info: Model `cmy' substituted by `cmy0' on input line 1349.
Package xcolor Info: Model `hsb' substituted by `rgb' on input line 1353.
Package xcolor Info: Model `RGB' extended on input line 1365.
Package xcolor Info: Model `HTML' substituted by `rgb' on input line 1367.
Package xcolor Info: Model `Hsb' substituted by `hsb' on input line 1368.
Package xcolor Info: Model `tHsb' substituted by `hsb' on input line 1369.
Package xcolor Info: Model `HSB' substituted by `hsb' on input line 1370.
Package xcolor Info: Model `Gray' substituted by `gray' on input line 1371.
Package xcolor Info: Model `wave' substituted by `hsb' on input line 1372.
) (C:\Users\lemch\AppData\Local\Programs\MiKTeX\tex/latex/graphics\dvipsnam.def
File: dvipsnam.def 2016/06/17 v3.0m Driver-dependent file (DPC,SPQR)
) (C:\Users\lemch\AppData\Local\Programs\MiKTeX\tex/latex/colortbl\colortbl.sty
Package: colortbl 2026/05/01 v1.0l Color table columns (DPC)
 (C:\Users\lemch\AppData\Local\Programs\MiKTeX\tex/latex/tools\array.sty
Package: array 2025/09/25 v2.6n Tabular extension package (FMi)
\col@sep=\dimen160
\ar@mcellbox=\box53
\extrarowheight=\dimen161
\NC@list=\toks21
\extratabsurround=\skip51
\backup@length=\skip52
\ar@cellbox=\box54
)
\everycr=\toks22
\minrowclearance=\skip53
\rownum=\count289
) (C:\Users\lemch\AppData\Local\Programs\MiKTeX\tex/latex/graphics\graphicx.sty
Package: graphicx 2024/12/31 v1.2e Enhanced LaTeX Graphics (DPC,SPQR)
 (C:\Users\lemch\AppData\Local\Programs\MiKTeX\tex/latex/graphics\graphics.sty
Package: graphics 2024/08/06 v1.4g Standard LaTeX Graphics (DPC,SPQR)
 (C:\Users\lemch\AppData\Local\Programs\MiKTeX\tex/latex/graphics\trig.sty
Package: trig 2023/12/02 v1.11 sin cos tan (DPC)
) (C:\Users\lemch\AppData\Local\Programs\MiKTeX\tex/latex/graphics-cfg\graphics.cfg
File: graphics.cfg 2016/06/04 v1.11 sample graphics configuration
)
Package graphics Info: Driver file: pdftex.def on input line 106.
)
\Gin@req@height=\dimen162
\Gin@req@width=\dimen163
) (C:\Users\lemch\AppData\Local\Programs\MiKTeX\tex/latex/pgf/frontendlayer\tikz.sty (C:\Users\lemch\AppData\Local\Programs\MiKTeX\tex/latex/pgf/basiclayer\pgf.sty (C:\Users\lemch\AppData\Local\Programs\MiKTeX\tex/latex/pgf/utilities\pgfrcs.sty (C:\Users\lemch\AppData\Local\Programs\MiKTeX\tex/generic/pgf/utilities\pgfutil-common.tex
\pgfutil@everybye=\toks23
\pgfutil@tempdima=\dimen164
\pgfutil@tempdimb=\dimen165
) (C:\Users\lemch\AppData\Local\Programs\MiKTeX\tex/generic/pgf/utilities\pgfutil-latex.def
\pgfutil@abb=\box55
) (C:\Users\lemch\AppData\Local\Programs\MiKTeX\tex/generic/pgf/utilities\pgfrcs.code.tex (C:\Users\lemch\AppData\Local\Programs\MiKTeX\tex/generic/pgf\pgf.revision.tex)
Package: pgfrcs 2025-08-29 v3.1.11a (3.1.11a)
))
Package: pgf 2025-08-29 v3.1.11a (3.1.11a)
 (C:\Users\lemch\AppData\Local\Programs\MiKTeX\tex/latex/pgf/basiclayer\pgfcore.sty (C:\Users\lemch\AppData\Local\Programs\MiKTeX\tex/latex/pgf/systemlayer\pgfsys.sty (C:\Users\lemch\AppData\Local\Programs\MiKTeX\tex/generic/pgf/systemlayer\pgfsys.code.tex
Package: pgfsys 2025-08-29 v3.1.11a (3.1.11a)
 (C:\Users\lemch\AppData\Local\Programs\MiKTeX\tex/generic/pgf/utilities\pgfkeys.code.tex
\pgfkeys@pathtoks=\toks24
\pgfkeys@temptoks=\toks25
 (C:\Users\lemch\AppData\Local\Programs\MiKTeX\tex/generic/pgf/utilities\pgfkeyslibraryfiltered.code.tex
\pgfkeys@tmptoks=\toks26
))
\pgf@x=\dimen166
\pgf@y=\dimen167
\pgf@xa=\dimen168
\pgf@ya=\dimen169
\pgf@xb=\dimen170
\pgf@yb=\dimen171
\pgf@xc=\dimen172
\pgf@yc=\dimen173
\pgf@xd=\dimen174
\pgf@yd=\dimen175
\w@pgf@writea=\write3
\r@pgf@reada=\read3
\c@pgf@counta=\count290
\c@pgf@countb=\count291
\c@pgf@countc=\count292
\c@pgf@countd=\count293
\t@pgf@toka=\toks27
\t@pgf@tokb=\toks28
\t@pgf@tokc=\toks29
\pgf@sys@id@count=\count294
 (C:\Users\lemch\AppData\Local\Programs\MiKTeX\tex/generic/pgf/systemlayer\pgf.cfg
File: pgf.cfg 2025-08-29 v3.1.11a (3.1.11a)
)
Driver file for pgf: pgfsys-pdftex.def
 (C:\Users\lemch\AppData\Local\Programs\MiKTeX\tex/generic/pgf/systemlayer\pgfsys-pdftex.def
File: pgfsys-pdftex.def 2025-08-29 v3.1.11a (3.1.11a)
 (C:\Users\lemch\AppData\Local\Programs\MiKTeX\tex/generic/pgf/systemlayer\pgfsys-common-pdf.def
File: pgfsys-common-pdf.def 2025-08-29 v3.1.11a (3.1.11a)
))) (C:\Users\lemch\AppData\Local\Programs\MiKTeX\tex/generic/pgf/systemlayer\pgfsyssoftpath.code.tex
File: pgfsyssoftpath.code.tex 2025-08-29 v3.1.11a (3.1.11a)
\pgfsyssoftpath@smallbuffer@items=\count295
\pgfsyssoftpath@bigbuffer@items=\count296
) (C:\Users\lemch\AppData\Local\Programs\MiKTeX\tex/generic/pgf/systemlayer\pgfsysprotocol.code.tex
File: pgfsysprotocol.code.tex 2025-08-29 v3.1.11a (3.1.11a)
)) (C:\Users\lemch\AppData\Local\Programs\MiKTeX\tex/generic/pgf/basiclayer\pgfcore.code.tex
Package: pgfcore 2025-08-29 v3.1.11a (3.1.11a)
 (C:\Users\lemch\AppData\Local\Programs\MiKTeX\tex/generic/pgf/math\pgfmath.code.tex (C:\Users\lemch\AppData\Local\Programs\MiKTeX\tex/generic/pgf/math\pgfmathutil.code.tex) (C:\Users\lemch\AppData\Local\Programs\MiKTeX\tex/generic/pgf/math\pgfmathparser.code.tex
\pgfmath@dimen=\dimen176
\pgfmath@count=\count297
\pgfmath@box=\box56
\pgfmath@toks=\toks30
\pgfmath@stack@operand=\toks31
\pgfmath@stack@operation=\toks32
) (C:\Users\lemch\AppData\Local\Programs\MiKTeX\tex/generic/pgf/math\pgfmathfunctions.code.tex) (C:\Users\lemch\AppData\Local\Programs\MiKTeX\tex/generic/pgf/math\pgfmathfunctions.basic.code.tex) (C:\Users\lemch\AppData\Local\Programs\MiKTeX\tex/generic/pgf/math\pgfmathfunctions.trigonometric.code.tex) (C:\Users\lemch\AppData\Local\Programs\MiKTeX\tex/generic/pgf/math\pgfmathfunctions.random.code.tex) (C:\Users\lemch\AppData\Local\Programs\MiKTeX\tex/generic/pgf/math\pgfmathfunctions.comparison.code.tex) (C:\Users\lemch\AppData\Local\Programs\MiKTeX\tex/generic/pgf/math\pgfmathfunctions.base.code.tex) (C:\Users\lemch\AppData\Local\Programs\MiKTeX\tex/generic/pgf/math\pgfmathfunctions.round.code.tex) (C:\Users\lemch\AppData\Local\Programs\MiKTeX\tex/generic/pgf/math\pgfmathfunctions.misc.code.tex) (C:\Users\lemch\AppData\Local\Programs\MiKTeX\tex/generic/pgf/math\pgfmathfunctions.integerarithmetics.code.tex) (C:\Users\lemch\AppData\Local\Programs\MiKTeX\tex/generic/pgf/math\pgfmathcalc.code.tex) (C:\Users\lemch\AppData\Local\Programs\MiKTeX\tex/generic/pgf/math\pgfmathfloat.code.tex
\c@pgfmathroundto@lastzeros=\count298
)) (C:\Users\lemch\AppData\Local\Programs\MiKTeX\tex/generic/pgf/math\pgfint.code.tex) (C:\Users\lemch\AppData\Local\Programs\MiKTeX\tex/generic/pgf/basiclayer\pgfcorepoints.code.tex
File: pgfcorepoints.code.tex 2025-08-29 v3.1.11a (3.1.11a)
\pgf@picminx=\dimen177
\pgf@picmaxx=\dimen178
\pgf@picminy=\dimen179
\pgf@picmaxy=\dimen180
\pgf@pathminx=\dimen181
\pgf@pathmaxx=\dimen182
\pgf@pathminy=\dimen183
\pgf@pathmaxy=\dimen184
\pgf@xx=\dimen185
\pgf@xy=\dimen186
\pgf@yx=\dimen187
\pgf@yy=\dimen188
\pgf@zx=\dimen189
\pgf@zy=\dimen190
) (C:\Users\lemch\AppData\Local\Programs\MiKTeX\tex/generic/pgf/basiclayer\pgfcorepathconstruct.code.tex
File: pgfcorepathconstruct.code.tex 2025-08-29 v3.1.11a (3.1.11a)
\pgf@path@lastx=\dimen191
\pgf@path@lasty=\dimen192
) (C:\Users\lemch\AppData\Local\Programs\MiKTeX\tex/generic/pgf/basiclayer\pgfcorepathusage.code.tex
File: pgfcorepathusage.code.tex 2025-08-29 v3.1.11a (3.1.11a)
\pgf@shorten@end@additional=\dimen193
\pgf@shorten@start@additional=\dimen194
) (C:\Users\lemch\AppData\Local\Programs\MiKTeX\tex/generic/pgf/basiclayer\pgfcorescopes.code.tex
File: pgfcorescopes.code.tex 2025-08-29 v3.1.11a (3.1.11a)
\pgfpic=\box57
\pgf@hbox=\box58
\pgf@layerbox@main=\box59
\pgf@picture@serial@count=\count299
) (C:\Users\lemch\AppData\Local\Programs\MiKTeX\tex/generic/pgf/basiclayer\pgfcoregraphicstate.code.tex
File: pgfcoregraphicstate.code.tex 2025-08-29 v3.1.11a (3.1.11a)
\pgflinewidth=\dimen195
) (C:\Users\lemch\AppData\Local\Programs\MiKTeX\tex/generic/pgf/basiclayer\pgfcoretransformations.code.tex
File: pgfcoretransformations.code.tex 2025-08-29 v3.1.11a (3.1.11a)
\pgf@pt@x=\dimen196
\pgf@pt@y=\dimen197
\pgf@pt@temp=\dimen198
) (C:\Users\lemch\AppData\Local\Programs\MiKTeX\tex/generic/pgf/basiclayer\pgfcorequick.code.tex
File: pgfcorequick.code.tex 2025-08-29 v3.1.11a (3.1.11a)
) (C:\Users\lemch\AppData\Local\Programs\MiKTeX\tex/generic/pgf/basiclayer\pgfcoreobjects.code.tex
File: pgfcoreobjects.code.tex 2025-08-29 v3.1.11a (3.1.11a)
) (C:\Users\lemch\AppData\Local\Programs\MiKTeX\tex/generic/pgf/basiclayer\pgfcorepathprocessing.code.tex
File: pgfcorepathprocessing.code.tex 2025-08-29 v3.1.11a (3.1.11a)
) (C:\Users\lemch\AppData\Local\Programs\MiKTeX\tex/generic/pgf/basiclayer\pgfcorearrows.code.tex
File: pgfcorearrows.code.tex 2025-08-29 v3.1.11a (3.1.11a)
\pgfarrowsep=\dimen199
) (C:\Users\lemch\AppData\Local\Programs\MiKTeX\tex/generic/pgf/basiclayer\pgfcoreshade.code.tex
File: pgfcoreshade.code.tex 2025-08-29 v3.1.11a (3.1.11a)
\pgf@max=\dimen256
\pgf@sys@shading@range@num=\count300
\pgf@shadingcount=\count301
) (C:\Users\lemch\AppData\Local\Programs\MiKTeX\tex/generic/pgf/basiclayer\pgfcoreimage.code.tex
File: pgfcoreimage.code.tex 2025-08-29 v3.1.11a (3.1.11a)
) (C:\Users\lemch\AppData\Local\Programs\MiKTeX\tex/generic/pgf/basiclayer\pgfcoreexternal.code.tex
File: pgfcoreexternal.code.tex 2025-08-29 v3.1.11a (3.1.11a)
\pgfexternal@startupbox=\box60
) (C:\Users\lemch\AppData\Local\Programs\MiKTeX\tex/generic/pgf/basiclayer\pgfcorelayers.code.tex
File: pgfcorelayers.code.tex 2025-08-29 v3.1.11a (3.1.11a)
) (C:\Users\lemch\AppData\Local\Programs\MiKTeX\tex/generic/pgf/basiclayer\pgfcoretransparency.code.tex
File: pgfcoretransparency.code.tex 2025-08-29 v3.1.11a (3.1.11a)
) (C:\Users\lemch\AppData\Local\Programs\MiKTeX\tex/generic/pgf/basiclayer\pgfcorepatterns.code.tex
File: pgfcorepatterns.code.tex 2025-08-29 v3.1.11a (3.1.11a)
) (C:\Users\lemch\AppData\Local\Programs\MiKTeX\tex/generic/pgf/basiclayer\pgfcorerdf.code.tex
File: pgfcorerdf.code.tex 2025-08-29 v3.1.11a (3.1.11a)
))) (C:\Users\lemch\AppData\Local\Programs\MiKTeX\tex/generic/pgf/modules\pgfmoduleshapes.code.tex
File: pgfmoduleshapes.code.tex 2025-08-29 v3.1.11a (3.1.11a)
\pgfnodeparttextbox=\box61
) (C:\Users\lemch\AppData\Local\Programs\MiKTeX\tex/generic/pgf/modules\pgfmoduleplot.code.tex
File: pgfmoduleplot.code.tex 2025-08-29 v3.1.11a (3.1.11a)
) (C:\Users\lemch\AppData\Local\Programs\MiKTeX\tex/latex/pgf/compatibility\pgfcomp-version-0-65.sty
Package: pgfcomp-version-0-65 2025-08-29 v3.1.11a (3.1.11a)
\pgf@nodesepstart=\dimen257
\pgf@nodesepend=\dimen258
) (C:\Users\lemch\AppData\Local\Programs\MiKTeX\tex/latex/pgf/compatibility\pgfcomp-version-1-18.sty
Package: pgfcomp-version-1-18 2025-08-29 v3.1.11a (3.1.11a)
)) (C:\Users\lemch\AppData\Local\Programs\MiKTeX\tex/latex/pgf/utilities\pgffor.sty (C:\Users\lemch\AppData\Local\Programs\MiKTeX\tex/latex/pgf/utilities\pgfkeys.sty (C:\Users\lemch\AppData\Local\Programs\MiKTeX\tex/generic/pgf/utilities\pgfkeys.code.tex)) (C:\Users\lemch\AppData\Local\Programs\MiKTeX\tex/latex/pgf/math\pgfmath.sty (C:\Users\lemch\AppData\Local\Programs\MiKTeX\tex/generic/pgf/math\pgfmath.code.tex)) (C:\Users\lemch\AppData\Local\Programs\MiKTeX\tex/generic/pgf/utilities\pgffor.code.tex
Package: pgffor 2025-08-29 v3.1.11a (3.1.11a)
\pgffor@iter=\dimen259
\pgffor@skip=\dimen260
\pgffor@stack=\toks33
\pgffor@toks=\toks34
)) (C:\Users\lemch\AppData\Local\Programs\MiKTeX\tex/generic/pgf/frontendlayer/tikz\tikz.code.tex
Package: tikz 2025-08-29 v3.1.11a (3.1.11a)
 (C:\Users\lemch\AppData\Local\Programs\MiKTeX\tex/generic/pgf/libraries\pgflibraryplothandlers.code.tex
File: pgflibraryplothandlers.code.tex 2025-08-29 v3.1.11a (3.1.11a)
\pgf@plot@mark@count=\count302
\pgfplotmarksize=\dimen261
)
\tikz@lastx=\dimen262
\tikz@lasty=\dimen263
\tikz@lastxsaved=\dimen264
\tikz@lastysaved=\dimen265
\tikz@lastmovetox=\dimen266
\tikz@lastmovetoy=\dimen267
\tikzleveldistance=\dimen268
\tikzsiblingdistance=\dimen269
\tikz@figbox=\box62
\tikz@figbox@bg=\box63
\tikz@tempbox=\box64
\tikz@tempbox@bg=\box65
\tikztreelevel=\count303
\tikznumberofchildren=\count304
\tikznumberofcurrentchild=\count305
\tikz@fig@count=\count306
 (C:\Users\lemch\AppData\Local\Programs\MiKTeX\tex/generic/pgf/modules\pgfmodulematrix.code.tex
File: pgfmodulematrix.code.tex 2025-08-29 v3.1.11a (3.1.11a)
\pgfmatrixcurrentrow=\count307
\pgfmatrixcurrentcolumn=\count308
\pgf@matrix@numberofcolumns=\count309
)
\tikz@expandcount=\count310
 (C:\Users\lemch\AppData\Local\Programs\MiKTeX\tex/generic/pgf/frontendlayer/tikz/libraries\tikzlibrarytopaths.code.tex
File: tikzlibrarytopaths.code.tex 2025-08-29 v3.1.11a (3.1.11a)
))) (C:\Users\lemch\AppData\Local\Programs\MiKTeX\tex/generic/pgf/frontendlayer/tikz/libraries\tikzlibrarypositioning.code.tex
File: tikzlibrarypositioning.code.tex 2025-08-29 v3.1.11a (3.1.11a)
) (C:\Users\lemch\AppData\Local\Programs\MiKTeX\tex/generic/pgf/frontendlayer/tikz/libraries\tikzlibraryshapes.geometric.code.tex
File: tikzlibraryshapes.geometric.code.tex 2025-08-29 v3.1.11a (3.1.11a)
 (C:\Users\lemch\AppData\Local\Programs\MiKTeX\tex/generic/pgf/libraries/shapes\pgflibraryshapes.geometric.code.tex
File: pgflibraryshapes.geometric.code.tex 2025-08-29 v3.1.11a (3.1.11a)
)) (C:\Users\lemch\AppData\Local\Programs\MiKTeX\tex/generic/pgf/libraries\pgflibraryarrows.meta.code.tex
File: pgflibraryarrows.meta.code.tex 2025-08-29 v3.1.11a (3.1.11a)
\pgfarrowinset=\dimen270
\pgfarrowlength=\dimen271
\pgfarrowwidth=\dimen272
\pgfarrowlinewidth=\dimen273
) (C:\Users\lemch\AppData\Local\Programs\MiKTeX\tex/latex/microtype\microtype.sty
Package: microtype 2026/03/01 v3.2d Micro-typographical refinements (RS)
 (C:\Users\lemch\AppData\Local\Programs\MiKTeX\tex/latex/etoolbox\etoolbox.sty
Package: etoolbox 2025/10/02 v2.5m e-TeX tools for LaTeX (JAW)
\etb@tempcnta=\count311
)
\MT@toks=\toks35
\MT@tempbox=\box66
\MT@count=\count312
LaTeX Info: Redefining \noprotrusionifhmode on input line 1084.
LaTeX Info: Redefining \leftprotrusion on input line 1085.
\MT@prot@toks=\toks36
LaTeX Info: Redefining \rightprotrusion on input line 1104.
LaTeX Info: Redefining \textls on input line 1449.
\MT@outer@kern=\dimen274
LaTeX Info: Redefining \microtypecontext on input line 2053.
LaTeX Info: Redefining \textmicrotypecontext on input line 2070.
\MT@listname@count=\count313
 (C:\Users\lemch\AppData\Local\Programs\MiKTeX\tex/latex/microtype\microtype-pdftex.def
File: microtype-pdftex.def 2026/03/01 v3.2d Definitions specific to pdftex (RS)
LaTeX Info: Redefining \lsstyle on input line 944.
LaTeX Info: Redefining \lslig on input line 944.
\MT@outer@space=\skip54
)
Package microtype Info: Loading configuration file microtype.cfg.
 (C:\Users\lemch\AppData\Local\Programs\MiKTeX\tex/latex/microtype\microtype.cfg
File: microtype.cfg 2026/03/01 v3.2d microtype main configuration file (RS)
)
LaTeX Info: Redefining \microtypesetup on input line 3065.
) (C:\Users\lemch\AppData\Local\Programs\MiKTeX\tex/latex/fancyhdr\fancyhdr.sty
Package: fancyhdr 2025/02/07 v5.2 Extensive control of page headers and footers
\f@nch@headwidth=\skip55
\f@nch@offset@elh=\skip56
\f@nch@offset@erh=\skip57
\f@nch@offset@olh=\skip58
\f@nch@offset@orh=\skip59
\f@nch@offset@elf=\skip60
\f@nch@offset@erf=\skip61
\f@nch@offset@olf=\skip62
\f@nch@offset@orf=\skip63
\f@nch@height=\skip64
\f@nch@footalignment=\skip65
\f@nch@widthL=\skip66
\f@nch@widthC=\skip67
\f@nch@widthR=\skip68
\@temptokenb=\toks37
) (C:\Users\lemch\AppData\Local\Programs\MiKTeX\tex/latex/tools\calc.sty
Package: calc 2025/03/01 v4.3b Infix arithmetic (KKT,FJ)
\calc@Acount=\count314
\calc@Bcount=\count315
\calc@Adimen=\dimen275
\calc@Bdimen=\dimen276
\calc@Askip=\skip69
\calc@Bskip=\skip70
LaTeX Info: Redefining \setlength on input line 86.
LaTeX Info: Redefining \addtolength on input line 87.
\calc@Ccount=\count316
\calc@Cskip=\skip71
) (C:\Users\lemch\AppData\Local\Programs\MiKTeX\tex/latex/titlesec\titlesec.sty
Package: titlesec 2025/01/04 v2.17 Sectioning titles
\ttl@box=\box67
\beforetitleunit=\skip72
\aftertitleunit=\skip73
\ttl@plus=\dimen277
\ttl@minus=\dimen278
\ttl@toksa=\toks38
\titlewidth=\dimen279
\titlewidthlast=\dimen280
\titlewidthfirst=\dimen281
) (C:\Users\lemch\AppData\Local\Programs\MiKTeX\tex/latex/booktabs\booktabs.sty
Package: booktabs 2020/01/12 v1.61803398 Publication quality tables
\heavyrulewidth=\dimen282
\lightrulewidth=\dimen283
\cmidrulewidth=\dimen284
\belowrulesep=\dimen285
\belowbottomsep=\dimen286
\aboverulesep=\dimen287
\abovetopsep=\dimen288
\cmidrulesep=\dimen289
\cmidrulekern=\dimen290
\defaultaddspace=\dimen291
\@cmidla=\count317
\@cmidlb=\count318
\@aboverulesep=\dimen292
\@belowrulesep=\dimen293
\@thisruleclass=\count319
\@lastruleclass=\count320
\@thisrulewidth=\dimen294
) (C:\Users\lemch\AppData\Local\Programs\MiKTeX\tex/latex/tools\tabularx.sty
Package: tabularx 2023/12/11 v2.12a `tabularx' package (DPC)
\TX@col@width=\dimen295
\TX@old@table=\dimen296
\TX@old@col=\dimen297
\TX@target=\dimen298
\TX@delta=\dimen299
\TX@cols=\count321
\TX@ftn=\toks39
) (C:\Users\lemch\AppData\Local\Programs\MiKTeX\tex/latex/multirow\multirow.sty
Package: multirow 2024/11/12 v2.9 Span multiple rows of a table
\multirow@colwidth=\skip74
\multirow@cntb=\count322
\multirow@dima=\skip75
\bigstrutjot=\dimen300
) (C:\Users\lemch\AppData\Local\Programs\MiKTeX\tex/latex/tools\longtable.sty
Package: longtable 2025-10-13 v4.24 Multi-page Table package (DPC)
\LTleft=\skip76
\LTright=\skip77
\LTpre=\skip78
\LTpost=\skip79
\LTchunksize=\count323
\LTcapwidth=\dimen301
\LT@head=\box68
\LT@firsthead=\box69
\LT@foot=\box70
\LT@lastfoot=\box71
\LT@gbox=\box72
\LT@cols=\count324
\LT@rows=\count325
\c@LT@tables=\count326
\c@LT@chunks=\count327
\LT@p@ftn=\toks40
) (C:\Users\lemch\AppData\Local\Programs\MiKTeX\tex/latex/enumitem\enumitem.sty
Package: enumitem 2025/02/06 v3.11 Customized lists
\labelindent=\skip80
\enit@outerparindent=\dimen302
\enit@toks=\toks41
\enit@inbox=\box73
\enit@count@id=\count328
\enitdp@description=\count329
) (C:\Users\lemch\AppData\Local\Programs\MiKTeX\tex/latex/listings\listings.sty
\lst@mode=\count330
\lst@gtempboxa=\box74
\lst@token=\toks42
\lst@length=\count331
\lst@currlwidth=\dimen303
\lst@column=\count332
\lst@pos=\count333
\lst@lostspace=\dimen304
\lst@width=\dimen305
\lst@newlines=\count334
\lst@lineno=\count335
\lst@maxwidth=\dimen306
 (C:\Users\lemch\AppData\Local\Programs\MiKTeX\tex/latex/listings\lstpatch.sty
File: lstpatch.sty 2025/11/14 1.11b (Carsten Heinz)
) (C:\Users\lemch\AppData\Local\Programs\MiKTeX\tex/latex/listings\lstmisc.sty
File: lstmisc.sty 2025/11/14 1.11b (Carsten Heinz)
\c@lstnumber=\count336
\lst@skipnumbers=\count337
\lst@framebox=\box75
) (C:\Users\lemch\AppData\Local\Programs\MiKTeX\tex/latex/listings\listings.cfg
File: listings.cfg 2025/11/14 1.11b listings configuration
))
Package: listings 2025/11/14 1.11b (Carsten Heinz)

==> First Aid for listings.sty no longer applied!
    Expected:
        2024/09/23 1.10c (Carsten Heinz)
    but found:
        2025/11/14 1.11b (Carsten Heinz)
    so I'm assuming it got fixed.
(C:\Users\lemch\AppData\Local\Programs\MiKTeX\tex/latex/hyperref\hyperref.sty
Package: hyperref 2026-01-29 v7.01p Hypertext links for LaTeX
 (C:\Users\lemch\AppData\Local\Programs\MiKTeX\tex/latex/kvsetkeys\kvsetkeys.sty
Package: kvsetkeys 2022-10-05 v1.19 Key value parser (HO)
) (C:\Users\lemch\AppData\Local\Programs\MiKTeX\tex/generic/kvdefinekeys\kvdefinekeys.sty
Package: kvdefinekeys 2019-12-19 v1.6 Define keys (HO)
) (C:\Users\lemch\AppData\Local\Programs\MiKTeX\tex/generic/pdfescape\pdfescape.sty
Package: pdfescape 2019/12/09 v1.15 Implements pdfTeX's escape features (HO)
 (C:\Users\lemch\AppData\Local\Programs\MiKTeX\tex/generic/ltxcmds\ltxcmds.sty
Package: ltxcmds 2023-12-04 v1.26 LaTeX kernel commands for general use (HO)
) (C:\Users\lemch\AppData\Local\Programs\MiKTeX\tex/generic/pdftexcmds\pdftexcmds.sty
Package: pdftexcmds 2020-06-27 v0.33 Utility functions of pdfTeX for LuaTeX (HO)
 (C:\Users\lemch\AppData\Local\Programs\MiKTeX\tex/generic/infwarerr\infwarerr.sty
Package: infwarerr 2019/12/03 v1.5 Providing info/warning/error messages (HO)
)
Package pdftexcmds Info: \pdf@primitive is available.
Package pdftexcmds Info: \pdf@ifprimitive is available.
Package pdftexcmds Info: \pdfdraftmode found.
)) (C:\Users\lemch\AppData\Local\Programs\MiKTeX\tex/latex/hycolor\hycolor.sty
Package: hycolor 2020-01-27 v1.10 Color options for hyperref/bookmark (HO)
) (C:\Users\lemch\AppData\Local\Programs\MiKTeX\tex/latex/hyperref\nameref.sty
Package: nameref 2026-01-29 v2.58 Cross-referencing by name of section
 (C:\Users\lemch\AppData\Local\Programs\MiKTeX\tex/latex/refcount\refcount.sty
Package: refcount 2019/12/15 v3.6 Data extraction from label references (HO)
) (C:\Users\lemch\AppData\Local\Programs\MiKTeX\tex/generic/gettitlestring\gettitlestring.sty
Package: gettitlestring 2019/12/15 v1.6 Cleanup title references (HO)
 (C:\Users\lemch\AppData\Local\Programs\MiKTeX\tex/latex/kvoptions\kvoptions.sty
Package: kvoptions 2022-06-15 v3.15 Key value format for package options (HO)
))
\c@section@level=\count338
) (C:\Users\lemch\AppData\Local\Programs\MiKTeX\tex/generic/stringenc\stringenc.sty
Package: stringenc 2019/11/29 v1.12 Convert strings between diff. encodings (HO)
)
\@linkdim=\dimen307
\Hy@linkcounter=\count339
\Hy@pagecounter=\count340
 (C:\Users\lemch\AppData\Local\Programs\MiKTeX\tex/latex/hyperref\pd1enc.def
File: pd1enc.def 2026-01-29 v7.01p Hyperref: PDFDocEncoding definition (HO)
Now handling font encoding PD1 ...
... no UTF-8 mapping file for font encoding PD1
) (C:\Users\lemch\AppData\Local\Programs\MiKTeX\tex/generic/intcalc\intcalc.sty
Package: intcalc 2019/12/15 v1.3 Expandable calculations with integers (HO)
)
\Hy@SavedSpaceFactor=\count341
 (C:\Users\lemch\AppData\Local\Programs\MiKTeX\tex/latex/hyperref\puenc.def
File: puenc.def 2026-01-29 v7.01p Hyperref: PDF Unicode definition (HO)
Now handling font encoding PU ...
... no UTF-8 mapping file for font encoding PU
)
Package hyperref Info: Option `colorlinks' set `true' on input line 4072.
Package hyperref Info: Hyper figures OFF on input line 4201.
Package hyperref Info: Link nesting OFF on input line 4206.
Package hyperref Info: Hyper index ON on input line 4209.
Package hyperref Info: Plain pages OFF on input line 4216.
Package hyperref Info: Backreferencing OFF on input line 4221.
Package hyperref Info: Implicit mode ON; LaTeX internals redefined.
Package hyperref Info: Bookmarks ON on input line 4468.
\c@Hy@tempcnt=\count342
 (C:\Users\lemch\AppData\Local\Programs\MiKTeX\tex/latex/url\url.sty
\Urlmuskip=\muskip17
Package: url 2013/09/16  ver 3.4  Verb mode for urls, etc.
)
LaTeX Info: Redefining \url on input line 4807.
\XeTeXLinkMargin=\dimen308
 (C:\Users\lemch\AppData\Local\Programs\MiKTeX\tex/generic/bitset\bitset.sty
Package: bitset 2019/12/09 v1.3 Handle bit-vector datatype (HO)
 (C:\Users\lemch\AppData\Local\Programs\MiKTeX\tex/generic/bigintcalc\bigintcalc.sty
Package: bigintcalc 2019/12/15 v1.5 Expandable calculations on big integers (HO)
))
\Fld@menulength=\count343
\Field@Width=\dimen309
\Fld@charsize=\dimen310
Package hyperref Info: Hyper figures OFF on input line 6084.
Package hyperref Info: Link nesting OFF on input line 6089.
Package hyperref Info: Hyper index ON on input line 6092.
Package hyperref Info: backreferencing OFF on input line 6099.
Package hyperref Info: Link coloring ON on input line 6102.
Package hyperref Info: Link coloring with OCG OFF on input line 6109.
Package hyperref Info: PDF/A mode OFF on input line 6114.
\Hy@abspage=\count344
\c@Item=\count345
\c@Hfootnote=\count346
)
Package hyperref Info: Driver (autodetected): hpdftex.
 (C:\Users\lemch\AppData\Local\Programs\MiKTeX\tex/latex/hyperref\hpdftex.def
File: hpdftex.def 2026-01-29 v7.01p Hyperref driver for pdfTeX
\Fld@listcount=\count347
\c@bookmark@seq@number=\count348
 (C:\Users\lemch\AppData\Local\Programs\MiKTeX\tex/latex/rerunfilecheck\rerunfilecheck.sty
Package: rerunfilecheck 2025-06-21 v1.11 Rerun checks for auxiliary files (HO)
 (C:\Users\lemch\AppData\Local\Programs\MiKTeX\tex/generic/uniquecounter\uniquecounter.sty
Package: uniquecounter 2019/12/15 v1.4 Provide unlimited unique counter (HO)
)
Package uniquecounter Info: New unique counter `rerunfilecheck' on input line 284.
)
\Hy@SectionHShift=\skip81
) (C:\Users\lemch\AppData\Local\Programs\MiKTeX\tex/latex/tocloft\tocloft.sty
Package: tocloft 2017/08/31 v2.3i parameterised ToC, etc., typesetting
Package tocloft Info: The document has chapter divisions on input line 51.
\cftparskip=\skip82
\cftbeforetoctitleskip=\skip83
\cftaftertoctitleskip=\skip84
\cftbeforepartskip=\skip85
\cftpartnumwidth=\skip86
\cftpartindent=\skip87
\cftbeforechapskip=\skip88
\cftchapindent=\skip89
\cftchapnumwidth=\skip90
\cftbeforesecskip=\skip91
\cftsecindent=\skip92
\cftsecnumwidth=\skip93
\cftbeforesubsecskip=\skip94
\cftsubsecindent=\skip95
\cftsubsecnumwidth=\skip96
\cftbeforesubsubsecskip=\skip97
\cftsubsubsecindent=\skip98
\cftsubsubsecnumwidth=\skip99
\cftbeforeparaskip=\skip100
\cftparaindent=\skip101
\cftparanumwidth=\skip102
\cftbeforesubparaskip=\skip103
\cftsubparaindent=\skip104
\cftsubparanumwidth=\skip105
\cftbeforeloftitleskip=\skip106
\cftafterloftitleskip=\skip107
\cftbeforefigskip=\skip108
\cftfigindent=\skip109
\cftfignumwidth=\skip110
\c@lofdepth=\count349
\c@lotdepth=\count350
\cftbeforelottitleskip=\skip111
\cftafterlottitleskip=\skip112
\cftbeforetabskip=\skip113
\cfttabindent=\skip114
\cfttabnumwidth=\skip115
) (C:\Users\lemch\AppData\Local\Programs\MiKTeX\tex/latex/caption\caption.sty
Package: caption 2023/08/05 v3.6o Customizing captions (AR)
 (C:\Users\lemch\AppData\Local\Programs\MiKTeX\tex/latex/caption\caption3.sty
Package: caption3 2023/07/31 v2.4d caption3 kernel (AR)
\caption@tempdima=\dimen311
\captionmargin=\dimen312
\caption@leftmargin=\dimen313
\caption@rightmargin=\dimen314
\caption@width=\dimen315
\caption@indent=\dimen316
\caption@parindent=\dimen317
\caption@hangindent=\dimen318
Package caption Info: Standard document class detected.
)
\c@caption@flags=\count351
\c@continuedfloat=\count352
Package caption Info: hyperref package is loaded.
Package caption Info: listings package is loaded.
Package caption Info: longtable package is loaded.
 (C:\Users\lemch\AppData\Local\Programs\MiKTeX\tex/latex/caption\ltcaption.sty
Package: ltcaption 2021/01/08 v1.4c longtable captions (AR)
)) (C:\Users\lemch\AppData\Local\Programs\MiKTeX\tex/latex/float\float.sty
Package: float 2001/11/08 v1.3d Float enhancements (AL)
\c@float@type=\count353
\float@exts=\toks43
\float@box=\box76
\@float@everytoks=\toks44
\@floatcapt=\box77
) (C:\Users\lemch\AppData\Local\Programs\MiKTeX\tex/latex/emptypage\emptypage.sty
Package: emptypage 2010/05/30 v1.2 Suppress page numbers and headings on empty pages
)
LaTeX Font Info:    Trying to load font information for T1+bch on input line 138.
 (C:\Users\lemch\AppData\Local\Programs\MiKTeX\tex/latex/psnfss\t1bch.fd
File: t1bch.fd 2004/10/18 font definitions for T1/bch.
) (C:\Users\lemch\AppData\Local\Programs\MiKTeX\tex/latex/l3backend\l3backend-pdftex.def
File: l3backend-pdftex.def 2026-02-18 L3 backend support: PDF output (pdfTeX)
\l__color_backend_stack_int=\count354
) (main.aux)
\openout1 = `main.aux'.

LaTeX Font Info:    Checking defaults for OML/cmm/m/it on input line 138.
LaTeX Font Info:    ... okay on input line 138.
LaTeX Font Info:    Checking defaults for OMS/cmsy/m/n on input line 138.
LaTeX Font Info:    ... okay on input line 138.
LaTeX Font Info:    Checking defaults for OT1/cmr/m/n on input line 138.
LaTeX Font Info:    ... okay on input line 138.
LaTeX Font Info:    Checking defaults for T1/cmr/m/n on input line 138.
LaTeX Font Info:    ... okay on input line 138.
LaTeX Font Info:    Checking defaults for TS1/cmr/m/n on input line 138.
LaTeX Font Info:    ... okay on input line 138.
LaTeX Font Info:    Checking defaults for OMX/cmex/m/n on input line 138.
LaTeX Font Info:    ... okay on input line 138.
LaTeX Font Info:    Checking defaults for U/cmr/m/n on input line 138.
LaTeX Font Info:    ... okay on input line 138.
LaTeX Font Info:    Checking defaults for PD1/pdf/m/n on input line 138.
LaTeX Font Info:    ... okay on input line 138.
LaTeX Font Info:    Checking defaults for PU/pdf/m/n on input line 138.
LaTeX Font Info:    ... okay on input line 138.

*geometry* driver: auto-detecting
*geometry* detected driver: pdftex
*geometry* verbose mode - [ preamble ] result:
* driver: pdftex
* paper: a4paper
* layout: <same size as paper>
* layoutoffset:(h,v)=(0.0pt,0.0pt)
* modes: 
* h-part:(L,W,R)=(85.35826pt, 441.01773pt, 71.13188pt)
* v-part:(T,H,B)=(85.35826pt, 688.5567pt, 71.13188pt)
* \paperwidth=597.50787pt
* \paperheight=845.04684pt
* \textwidth=441.01773pt
* \textheight=688.5567pt
* \oddsidemargin=13.08827pt
* \evensidemargin=13.08827pt
* \topmargin=-23.91173pt
* \headheight=39.83368pt
* \headsep=25.0pt
* \topskip=12.0pt
* \footskip=30.0pt
* \marginparwidth=35.0pt
* \marginparsep=10.0pt
* \columnsep=10.0pt
* \skip\footins=10.8pt plus 4.0pt minus 2.0pt
* \hoffset=0.0pt
* \voffset=0.0pt
* \mag=1000
* \@twocolumnfalse
* \@twosidefalse
* \@mparswitchfalse
* \@reversemarginfalse
* (1in=72.27pt=25.4mm, 1cm=28.453pt)

(C:\Users\lemch\AppData\Local\Programs\MiKTeX\tex/context/base/mkii\supp-pdf.mkii
[Loading MPS to PDF converter (version 2006.09.02).]
\scratchcounter=\count355
\scratchdimen=\dimen319
\scratchbox=\box78
\nofMPsegments=\count356
\nofMParguments=\count357
\everyMPshowfont=\toks45
\MPscratchCnt=\count358
\MPscratchDim=\dimen320
\MPnumerator=\count359
\makeMPintoPDFobject=\count360
\everyMPtoPDFconversion=\toks46
) (C:\Users\lemch\AppData\Local\Programs\MiKTeX\tex/latex/epstopdf-pkg\epstopdf-base.sty
Package: epstopdf-base 2020-01-24 v2.11 Base part for package epstopdf
Package epstopdf-base Info: Redefining graphics rule for `.eps' on input line 485.
 (C:\Users\lemch\AppData\Local\Programs\MiKTeX\tex/latex/00miktex\epstopdf-sys.cfg
File: epstopdf-sys.cfg 2021/03/18 v2.0 Configuration of epstopdf for MiKTeX
))
LaTeX Info: Redefining \microtypecontext on input line 138.
Package microtype Info: Applying patch `item' on input line 138.
Package microtype Info: Applying patch `toc' on input line 138.
Package microtype Info: Applying patch `eqnum' on input line 138.
Package microtype Info: Applying patch `footnote' on input line 138.
Package microtype Info: Applying patch `verbatim' on input line 138.
LaTeX Info: Redefining \microtypesetup on input line 138.
Package microtype Info: Generating PDF output.
Package microtype Info: Character protrusion enabled (level 2).
Package microtype Info: Using default protrusion set `alltext'.
Package microtype Info: Automatic font expansion enabled (level 2),
(microtype)             stretch: 20, shrink: 20, step: 1, non-selected.
Package microtype Info: Using default expansion set `alltext-nott'.
Package microtype Info: Patching command `\showhyphens'.
Package microtype Info: No adjustment of tracking.
Package microtype Info: No adjustment of interword spacing.
Package microtype Info: No adjustment of character kerning.
 (C:\Users\lemch\AppData\Local\Programs\MiKTeX\tex/latex/microtype\mt-bch.cfg
File: mt-bch.cfg 2007/03/03 v1.5 microtype config. file: Bitstream Charter (RS)
)
\c@lstlisting=\count361
Package hyperref Info: Link coloring ON on input line 138.
 (main.out) (main.out)
\@outlinefile=\write4
\openout4 = `main.out'.

Package caption Info: Begin \AtBeginDocument code.
Package caption Info: float package is loaded.
Package caption Info: End \AtBeginDocument code.
LaTeX Font Info:    Trying to load font information for TS1+bch on input line 159.
 (C:\Users\lemch\AppData\Local\Programs\MiKTeX\tex/latex/psnfss\ts1bch.fd
File: ts1bch.fd 2004/10/18 font definitions for TS1/bch.
) (C:\Users\lemch\AppData\Local\Programs\MiKTeX\tex/latex/microtype\mt-cmr.cfg
File: mt-cmr.cfg 2013/05/19 v2.2 microtype config. file: Computer Modern Roman (RS)
)
LaTeX Font Info:    External font `cmex10' loaded for size
(Font)              <12> on input line 160.
LaTeX Font Info:    External font `cmex10' loaded for size
(Font)              <8> on input line 160.
LaTeX Font Info:    External font `cmex10' loaded for size
(Font)              <6> on input line 160.

Overfull \hbox (16.9265pt too wide) in paragraph at lines 205--209
 [][] 
 []

[1

{C:/Users/lemch/AppData/Local/MiKTeX/fonts/map/pdftex/pdftex.map}{C:/Users/lemch/AppData/Local/Programs/MiKTeX/fonts/enc/dvips/base/8r.enc}]
pdfTeX warning (ext4): destination with the same identifier (name{page.}) has been already used, duplicate ignored
<to be read again> 
                   \relax 
l.280 \cleardoublepage
                       [1


]
pdfTeX warning (ext4): destination with the same identifier (name{page.}) has been already used, duplicate ignored
<to be read again> 
                   \relax 
l.340 \cleardoublepage
                       [2


] (main.toc [1

])
\tf@toc=\write5
\openout5 = `main.toc'.

<logos/ofppt.png, id=243, 110.4125pt x 110.4125pt>
File: logos/ofppt.png Graphic file (type png)
<use logos/ofppt.png>
Package pdftex.def Info: logos/ofppt.png  used on input line 348.
(pdftex.def)             Requested size: 39.83438pt x 39.83368pt.
<logos/cmc.png, id=245, 139.52126pt x 118.4425pt>
File: logos/cmc.png Graphic file (type png)
<use logos/cmc.png>
Package pdftex.def Info: logos/cmc.png  used on input line 348.
(pdftex.def)             Requested size: 46.92139pt x 39.83368pt.
 [2 <./logos/ofppt.png> <./logos/cmc.png>] (main.lof)
\tf@lof=\write6
\openout6 = `main.lof'.

 [3

] (main.lot)
\tf@lot=\write7
\openout7 = `main.lot'.

 [4

]
ignored: Infinite glue shrinkage found in box being split [5


]
File: logos/ofppt.png Graphic file (type png)
<use logos/ofppt.png>
Package pdftex.def Info: logos/ofppt.png  used on input line 417.
(pdftex.def)             Requested size: 39.83438pt x 39.83368pt.
File: logos/cmc.png Graphic file (type png)
<use logos/cmc.png>
Package pdftex.def Info: logos/cmc.png  used on input line 417.
(pdftex.def)             Requested size: 46.92139pt x 39.83368pt.
 [6] [1


]
Package microtype Info: Loading generic protrusion settings for font family
(microtype)             `cmtt' (encoding: T1).
(microtype)             For optimal results, create family-specific settings.
(microtype)             See the microtype manual for details.
File: logos/ofppt.png Graphic file (type png)
<use logos/ofppt.png>
Package pdftex.def Info: logos/ofppt.png  used on input line 537.
(pdftex.def)             Requested size: 39.83438pt x 39.83368pt.
File: logos/cmc.png Graphic file (type png)
<use logos/cmc.png>
Package pdftex.def Info: logos/cmc.png  used on input line 537.
(pdftex.def)             Requested size: 46.92139pt x 39.83368pt.
 [2]
\bbl@ensure@french {Chapitre} 1.
[3


]
File: logos/ofppt.png Graphic file (type png)
<use logos/ofppt.png>
Package pdftex.def Info: logos/ofppt.png  used on input line 627.
(pdftex.def)             Requested size: 39.83438pt x 39.83368pt.
File: logos/cmc.png Graphic file (type png)
<use logos/cmc.png>
Package pdftex.def Info: logos/cmc.png  used on input line 627.
(pdftex.def)             Requested size: 46.92139pt x 39.83368pt.
 [4

]
File: logos/ofppt.png Graphic file (type png)
<use logos/ofppt.png>
Package pdftex.def Info: logos/ofppt.png  used on input line 669.
(pdftex.def)             Requested size: 39.83438pt x 39.83368pt.
File: logos/cmc.png Graphic file (type png)
<use logos/cmc.png>
Package pdftex.def Info: logos/cmc.png  used on input line 669.
(pdftex.def)             Requested size: 46.92139pt x 39.83368pt.
 [5]
File: logos/ofppt.png Graphic file (type png)
<use logos/ofppt.png>
Package pdftex.def Info: logos/ofppt.png  used on input line 715.
(pdftex.def)             Requested size: 39.83438pt x 39.83368pt.
File: logos/cmc.png Graphic file (type png)
<use logos/cmc.png>
Package pdftex.def Info: logos/cmc.png  used on input line 715.
(pdftex.def)             Requested size: 46.92139pt x 39.83368pt.
 [6]
File: logos/ofppt.png Graphic file (type png)
<use logos/ofppt.png>
Package pdftex.def Info: logos/ofppt.png  used on input line 762.
(pdftex.def)             Requested size: 39.83438pt x 39.83368pt.
File: logos/cmc.png Graphic file (type png)
<use logos/cmc.png>
Package pdftex.def Info: logos/cmc.png  used on input line 762.
(pdftex.def)             Requested size: 46.92139pt x 39.83368pt.
 [7]
File: logos/ofppt.png Graphic file (type png)
<use logos/ofppt.png>
Package pdftex.def Info: logos/ofppt.png  used on input line 835.
(pdftex.def)             Requested size: 39.83438pt x 39.83368pt.
File: logos/cmc.png Graphic file (type png)
<use logos/cmc.png>
Package pdftex.def Info: logos/cmc.png  used on input line 835.
(pdftex.def)             Requested size: 46.92139pt x 39.83368pt.
 [8]
File: logos/ofppt.png Graphic file (type png)
<use logos/ofppt.png>
Package pdftex.def Info: logos/ofppt.png  used on input line 871.
(pdftex.def)             Requested size: 39.83438pt x 39.83368pt.
File: logos/cmc.png Graphic file (type png)
<use logos/cmc.png>
Package pdftex.def Info: logos/cmc.png  used on input line 871.
(pdftex.def)             Requested size: 46.92139pt x 39.83368pt.
 [9]
File: logos/ofppt.png Graphic file (type png)
<use logos/ofppt.png>
Package pdftex.def Info: logos/ofppt.png  used on input line 931.
(pdftex.def)             Requested size: 39.83438pt x 39.83368pt.
File: logos/cmc.png Graphic file (type png)
<use logos/cmc.png>
Package pdftex.def Info: logos/cmc.png  used on input line 931.
(pdftex.def)             Requested size: 46.92139pt x 39.83368pt.
 [10]
File: logos/ofppt.png Graphic file (type png)
<use logos/ofppt.png>
Package pdftex.def Info: logos/ofppt.png  used on input line 994.
(pdftex.def)             Requested size: 39.83438pt x 39.83368pt.
File: logos/cmc.png Graphic file (type png)
<use logos/cmc.png>
Package pdftex.def Info: logos/cmc.png  used on input line 994.
(pdftex.def)             Requested size: 46.92139pt x 39.83368pt.
 [11]
File: logos/ofppt.png Graphic file (type png)
<use logos/ofppt.png>
Package pdftex.def Info: logos/ofppt.png  used on input line 1049.
(pdftex.def)             Requested size: 39.83438pt x 39.83368pt.
File: logos/cmc.png Graphic file (type png)
<use logos/cmc.png>
Package pdftex.def Info: logos/cmc.png  used on input line 1049.
(pdftex.def)             Requested size: 46.92139pt x 39.83368pt.
 [12]
Underfull \hbox (badness 10000) in paragraph at lines 1074--1075
[]|\T1/bch/m/n/12 (+20) Developpement fron-tend
 []

File: logos/ofppt.png Graphic file (type png)
<use logos/ofppt.png>
Package pdftex.def Info: logos/ofppt.png  used on input line 1106.
(pdftex.def)             Requested size: 39.83438pt x 39.83368pt.
File: logos/cmc.png Graphic file (type png)
<use logos/cmc.png>
Package pdftex.def Info: logos/cmc.png  used on input line 1106.
(pdftex.def)             Requested size: 46.92139pt x 39.83368pt.
[13] (chapitre2.tex
File: logos/ofppt.png Graphic file (type png)
<use logos/ofppt.png>
Package pdftex.def Info: logos/ofppt.png  used on input line 5.
(pdftex.def)             Requested size: 39.83438pt x 39.83368pt.
File: logos/cmc.png Graphic file (type png)
<use logos/cmc.png>
Package pdftex.def Info: logos/cmc.png  used on input line 5.
(pdftex.def)             Requested size: 46.92139pt x 39.83368pt.
 [14]
\bbl@ensure@french {Chapitre} 2.
[15


]
File: logos/ofppt.png Graphic file (type png)
<use logos/ofppt.png>
Package pdftex.def Info: logos/ofppt.png  used on input line 81.
(pdftex.def)             Requested size: 39.83438pt x 39.83368pt.
File: logos/cmc.png Graphic file (type png)
<use logos/cmc.png>
Package pdftex.def Info: logos/cmc.png  used on input line 81.
(pdftex.def)             Requested size: 46.92139pt x 39.83368pt.
 [16

]
<diagrammes-casdutilisations/Diag-Cas-Utilisation-1.png, id=371, 652.68843pt x 755.07094pt>
File: diagrammes-casdutilisations/Diag-Cas-Utilisation-1.png Graphic file (type png)
<use diagrammes-casdutilisations/Diag-Cas-Utilisation-1.png>
Package pdftex.def Info: diagrammes-casdutilisations/Diag-Cas-Utilisation-1.png  used on input line 125.
(pdftex.def)             Requested size: 361.63776pt x 418.37804pt.
File: logos/ofppt.png Graphic file (type png)
<use logos/ofppt.png>
Package pdftex.def Info: logos/ofppt.png  used on input line 129.
(pdftex.def)             Requested size: 39.83438pt x 39.83368pt.
File: logos/cmc.png Graphic file (type png)
<use logos/cmc.png>
Package pdftex.def Info: logos/cmc.png  used on input line 129.
(pdftex.def)             Requested size: 46.92139pt x 39.83368pt.
 [17]
File: logos/ofppt.png Graphic file (type png)
<use logos/ofppt.png>
Package pdftex.def Info: logos/ofppt.png  used on input line 150.
(pdftex.def)             Requested size: 39.83438pt x 39.83368pt.
File: logos/cmc.png Graphic file (type png)
<use logos/cmc.png>
Package pdftex.def Info: logos/cmc.png  used on input line 150.
(pdftex.def)             Requested size: 46.92139pt x 39.83368pt.
 [18 <./diagrammes-casdutilisations/Diag-Cas-Utilisation-1.png>]
<diagrammes-casdutilisations/Diag-Cas-Utilisation-2.png, id=382, 654.94687pt x 1178.15157pt>
File: diagrammes-casdutilisations/Diag-Cas-Utilisation-2.png Graphic file (type png)
<use diagrammes-casdutilisations/Diag-Cas-Utilisation-2.png>
Package pdftex.def Info: diagrammes-casdutilisations/Diag-Cas-Utilisation-2.png  used on input line 158.
(pdftex.def)             Requested size: 317.5333pt x 571.1871pt.
File: logos/ofppt.png Graphic file (type png)
<use logos/ofppt.png>
Package pdftex.def Info: logos/ofppt.png  used on input line 162.
(pdftex.def)             Requested size: 39.83438pt x 39.83368pt.
File: logos/cmc.png Graphic file (type png)
<use logos/cmc.png>
Package pdftex.def Info: logos/cmc.png  used on input line 162.
(pdftex.def)             Requested size: 46.92139pt x 39.83368pt.
 [19]
Overfull \hbox (4.78633pt too wide) in paragraph at lines 168--175
[]\T1/bch/m/n/12 (-20) Du cote \T1/bch/b/n/12 (-20) Ad-min\T1/bch/m/n/12 (-20) , le mo-dule d'au-then-ti-fi-ca-tion est com-mun a tous les roles (connexion,
 []

File: logos/ofppt.png Graphic file (type png)
<use logos/ofppt.png>
Package pdftex.def Info: logos/ofppt.png  used on input line 175.
(pdftex.def)             Requested size: 39.83438pt x 39.83368pt.
File: logos/cmc.png Graphic file (type png)
<use logos/cmc.png>
Package pdftex.def Info: logos/cmc.png  used on input line 175.
(pdftex.def)             Requested size: 46.92139pt x 39.83368pt.
[20 <./diagrammes-casdutilisations/Diag-Cas-Utilisation-2.png>]
<diagrammes-casdutilisations/Diag-Cas-Utilisation-3.png, id=393, 654.94687pt x 1135.24126pt>
File: diagrammes-casdutilisations/Diag-Cas-Utilisation-3.png Graphic file (type png)
<use diagrammes-casdutilisations/Diag-Cas-Utilisation-3.png>
Package pdftex.def Info: diagrammes-casdutilisations/Diag-Cas-Utilisation-3.png  used on input line 186.
(pdftex.def)             Requested size: 361.63776pt x 626.84439pt.
File: logos/ofppt.png Graphic file (type png)
<use logos/ofppt.png>
Package pdftex.def Info: logos/ofppt.png  used on input line 190.
(pdftex.def)             Requested size: 39.83438pt x 39.83368pt.
File: logos/cmc.png Graphic file (type png)
<use logos/cmc.png>
Package pdftex.def Info: logos/cmc.png  used on input line 190.
(pdftex.def)             Requested size: 46.92139pt x 39.83368pt.
 [21]
File: logos/ofppt.png Graphic file (type png)
<use logos/ofppt.png>
Package pdftex.def Info: logos/ofppt.png  used on input line 192.
(pdftex.def)             Requested size: 39.83438pt x 39.83368pt.
File: logos/cmc.png Graphic file (type png)
<use logos/cmc.png>
Package pdftex.def Info: logos/cmc.png  used on input line 192.
(pdftex.def)             Requested size: 46.92139pt x 39.83368pt.
 [22 <./diagrammes-casdutilisations/Diag-Cas-Utilisation-3.png>]
<diagrammes-Sequances/authentification.png, id=405, 954.56625pt x 1298.8525pt>
File: diagrammes-Sequances/authentification.png Graphic file (type png)
<use diagrammes-Sequances/authentification.png>
Package pdftex.def Info: diagrammes-Sequances/authentification.png  used on input line 230.
(pdftex.def)             Requested size: 441.01773pt x 600.07568pt.
File: logos/ofppt.png Graphic file (type png)
<use logos/ofppt.png>
Package pdftex.def Info: logos/ofppt.png  used on input line 234.
(pdftex.def)             Requested size: 39.83438pt x 39.83368pt.
File: logos/cmc.png Graphic file (type png)
<use logos/cmc.png>
Package pdftex.def Info: logos/cmc.png  used on input line 234.
(pdftex.def)             Requested size: 46.92139pt x 39.83368pt.
 [23]
File: logos/ofppt.png Graphic file (type png)
<use logos/ofppt.png>
Package pdftex.def Info: logos/ofppt.png  used on input line 240.
(pdftex.def)             Requested size: 39.83438pt x 39.83368pt.
File: logos/cmc.png Graphic file (type png)
<use logos/cmc.png>
Package pdftex.def Info: logos/cmc.png  used on input line 240.
(pdftex.def)             Requested size: 46.92139pt x 39.83368pt.
 [24 <./diagrammes-Sequances/authentification.png>]
Overfull \hbox (38.548pt too wide) in paragraph at lines 252--265
\T1/bch/m/n/12 (-20) fron-tend en-voie une re-quete POST vers \T1/cmtt/m/n/12 /api/v1/client/shop/orders/{order_id}/capture\T1/bch/m/n/12 (-20) .
 []

<diagrammes-Sequances/paiment.png, id=416, 1119.18124pt x 1697.34125pt>
File: diagrammes-Sequances/paiment.png Graphic file (type png)
<use diagrammes-Sequances/paiment.png>
Package pdftex.def Info: diagrammes-Sequances/paiment.png  used on input line 268.
(pdftex.def)             Requested size: 441.01773pt x 668.84966pt.
File: logos/ofppt.png Graphic file (type png)
<use logos/ofppt.png>
Package pdftex.def Info: logos/ofppt.png  used on input line 272.
(pdftex.def)             Requested size: 39.83438pt x 39.83368pt.
File: logos/cmc.png Graphic file (type png)
<use logos/cmc.png>
Package pdftex.def Info: logos/cmc.png  used on input line 272.
(pdftex.def)             Requested size: 46.92139pt x 39.83368pt.
[25]
Overfull \vbox (3.89294pt too high) has occurred while \output is active []

File: logos/ofppt.png Graphic file (type png)
<use logos/ofppt.png>
Package pdftex.def Info: logos/ofppt.png  used on input line 272.
(pdftex.def)             Requested size: 39.83438pt x 39.83368pt.
File: logos/cmc.png Graphic file (type png)
<use logos/cmc.png>
Package pdftex.def Info: logos/cmc.png  used on input line 272.
(pdftex.def)             Requested size: 46.92139pt x 39.83368pt.
 [26 <./diagrammes-Sequances/paiment.png>]
Overfull \hbox (31.7803pt too wide) in paragraph at lines 300--305
[]\T1/bch/m/n/12 (-20) Enfin, quand le client consulte ses no-ti-fi-ca-tions via \T1/cmtt/m/n/12 GET /api/v1/client/notifications\T1/bch/m/n/12 (-20) ,
 []

<diagrammes-Sequances/verif-automatique des licences.png, id=427, 1078.0275pt x 1552.80125pt>
File: diagrammes-Sequances/verif-automatique des licences.png Graphic file (type png)
<use diagrammes-Sequances/verif-automatique des licences.png>
Package pdftex.def Info: diagrammes-Sequances/verif-automatique des licences.png  used on input line 308.
(pdftex.def)             Requested size: 441.01773pt x 635.2547pt.
File: logos/ofppt.png Graphic file (type png)
<use logos/ofppt.png>
Package pdftex.def Info: logos/ofppt.png  used on input line 312.
(pdftex.def)             Requested size: 39.83438pt x 39.83368pt.
File: logos/cmc.png Graphic file (type png)
<use logos/cmc.png>
Package pdftex.def Info: logos/cmc.png  used on input line 312.
(pdftex.def)             Requested size: 46.92139pt x 39.83368pt.
[27]
File: logos/ofppt.png Graphic file (type png)
<use logos/ofppt.png>
Package pdftex.def Info: logos/ofppt.png  used on input line 314.
(pdftex.def)             Requested size: 39.83438pt x 39.83368pt.
File: logos/cmc.png Graphic file (type png)
<use logos/cmc.png>
Package pdftex.def Info: logos/cmc.png  used on input line 314.
(pdftex.def)             Requested size: 46.92139pt x 39.83368pt.
 [28 <./diagrammes-Sequances/verif-automatique des licences.png>]
<diagrammes-Classes/diag_classes.png, id=439, 762.59906pt x 962.09438pt>
File: diagrammes-Classes/diag_classes.png Graphic file (type png)
<use diagrammes-Classes/diag_classes.png>
Package pdftex.def Info: diagrammes-Classes/diag_classes.png  used on input line 324.
(pdftex.def)             Requested size: 441.01773pt x 556.3856pt.
File: logos/ofppt.png Graphic file (type png)
<use logos/ofppt.png>
Package pdftex.def Info: logos/ofppt.png  used on input line 328.
(pdftex.def)             Requested size: 39.83438pt x 39.83368pt.
File: logos/cmc.png Graphic file (type png)
<use logos/cmc.png>
Package pdftex.def Info: logos/cmc.png  used on input line 328.
(pdftex.def)             Requested size: 46.92139pt x 39.83368pt.
 [29]
File: logos/ofppt.png Graphic file (type png)
<use logos/ofppt.png>
Package pdftex.def Info: logos/ofppt.png  used on input line 339.
(pdftex.def)             Requested size: 39.83438pt x 39.83368pt.
File: logos/cmc.png Graphic file (type png)
<use logos/cmc.png>
Package pdftex.def Info: logos/cmc.png  used on input line 339.
(pdftex.def)             Requested size: 46.92139pt x 39.83368pt.
 [30 <./diagrammes-Classes/diag_classes.png>]
File: logos/ofppt.png Graphic file (type png)
<use logos/ofppt.png>
Package pdftex.def Info: logos/ofppt.png  used on input line 419.
(pdftex.def)             Requested size: 39.83438pt x 39.83368pt.
File: logos/cmc.png Graphic file (type png)
<use logos/cmc.png>
Package pdftex.def Info: logos/cmc.png  used on input line 419.
(pdftex.def)             Requested size: 46.92139pt x 39.83368pt.
 [31]
File: logos/ofppt.png Graphic file (type png)
<use logos/ofppt.png>
Package pdftex.def Info: logos/ofppt.png  used on input line 449.
(pdftex.def)             Requested size: 39.83438pt x 39.83368pt.
File: logos/cmc.png Graphic file (type png)
<use logos/cmc.png>
Package pdftex.def Info: logos/cmc.png  used on input line 449.
(pdftex.def)             Requested size: 46.92139pt x 39.83368pt.
 [32])
File: logos/ofppt.png Graphic file (type png)
<use logos/ofppt.png>
Package pdftex.def Info: logos/ofppt.png  used on input line 1119.
(pdftex.def)             Requested size: 39.83438pt x 39.83368pt.
File: logos/cmc.png Graphic file (type png)
<use logos/cmc.png>
Package pdftex.def Info: logos/cmc.png  used on input line 1119.
(pdftex.def)             Requested size: 46.92139pt x 39.83368pt.
 [33] (main.aux)
 ***********
LaTeX2e <2025-11-01>
L3 programming layer <2026-03-20>
 ***********
Package rerunfilecheck Info: File `main.out' has not changed.
(rerunfilecheck)             Checksum: 84AFF04DE6804B99998D5F18E182CDED;8632.
 ) 
Here is how much of TeX's memory you used:
 28983 strings out of 467691
 540952 string characters out of 5414987
 1000667 words of memory out of 5000000
 57176 multiletter control sequences out of 15000+600000
 709708 words of font info for 275 fonts, out of 8000000 for 9000
 1141 hyphenation exceptions out of 8191
 84i,17n,94p,1041b,667s stack positions out of 10000i,1000n,20000p,200000b,200000s
 <C:\Users\lemch\AppData\Local\MiKTeX\fonts/pk/ljfour/jknappen/ec/dpi600\ectt1200.pk><C:/Users/lemch/AppData/Local/Programs/MiKTeX/fonts/type1/bitstrea/charter/bchb8a.pfb><C:/Users/lemch/AppData/Local/Programs/MiKTeX/fonts/type1/bitstrea/charter/bchbi8a.pfb><C:/Users/lemch/AppData/Local/Programs/MiKTeX/fonts/type1/bitstrea/charter/bchr8a.pfb><C:/Users/lemch/AppData/Local/Programs/MiKTeX/fonts/type1/bitstrea/charter/bchri8a.pfb>
Output written on main.pdf (42 pages, 722517 bytes).
PDF statistics:
 564 PDF objects out of 1000 (max. 8388607)
 97 named destinations out of 1000 (max. 500000)
 76186 words of extra memory for PDF output out of 89155 (max. 10000000)

